[2026-06-01T21:44:03.445869+00:00] notes: comparison: pipelines=['hgb', 'memorygraph_v2_sota_nw080']
[2026-06-01T21:44:03.445938+00:00] training_run open: hgb__20260601T214403Z__1b8f3651
[2026-06-01T21:44:03.459787+00:00] fit + predict starting for hgb
[2026-06-01T21:44:07.212476+00:00] fit + predict done: fit=3.3s predict=0.0s n_predictions=2940
[2026-06-01T21:44:07.687038+00:00] training_run close: hgb__20260601T214403Z__1b8f3651
[2026-06-01T21:44:07.702332+00:00] notes: comparison: pipelines=['hgb', 'memorygraph_v2_sota_nw080']
[2026-06-01T21:44:07.702422+00:00] training_run open: memorygraph_v2_sota_nw080__20260601T214407Z__1b8f3651
[2026-06-01T21:44:07.715910+00:00] fit + predict starting for memorygraph_v2_sota_nw080
[memorygraph_v2_sota_nw080] scoring 984 validation windows ...
[cross_encoder_rerank] loading cross-encoder/ms-marco-MiniLM-L-6-v2 ... (first run downloads ~80MB to HF cache)
Warning: You are sending unauthenticated requests to the HF Hub. Please set a HF_TOKEN to enable higher rate limits and faster downloads.
[comparison] running pipeline: hgb
[comparison] running pipeline: memorygraph_v2_sota_nw080
Loading weights:   0%|          | 0/105 [00:00<?, ?it/s]Loading weights: 100%|##########| 105/105 [00:00<00:00, 5969.93it/s]
`CrossEncoder._target_device` has been deprecated. Please use `CrossEncoder.device` instead.
[cross_encoder_rerank] model ready; device=cuda:0
[log_signature_similarity] scored 100 windows (sig_extracted=9 empty=40) elapsed=14s avg=0.140s/window
[memorygraph_v2_sota_nw080] val 100/984 elapsed=14s avg=0.14s/w eta=124s
[memorygraph_v2_sota_nw080] val 200/984 elapsed=18s avg=0.09s/w eta=72s
[memorygraph_v2_sota_nw080] val 300/984 elapsed=24s avg=0.08s/w eta=54s
[cross_encoder_rerank] reranked 200 windows (2289 total pair scorings)
[memorygraph_v2_sota_nw080] val 400/984 elapsed=28s avg=0.07s/w eta=41s
[log_signature_similarity] scored 500 windows (sig_extracted=133 empty=191) elapsed=41s avg=0.082s/window
[memorygraph_v2_sota_nw080] val 500/984 elapsed=41s avg=0.08s/w eta=40s
[cross_encoder_rerank] reranked 400 windows (5538 total pair scorings)
[memorygraph_v2_sota_nw080] val 600/984 elapsed=55s avg=0.09s/w eta=35s
[log_signature_similarity] scored 700 windows (sig_extracted=231 empty=287) elapsed=66s avg=0.094s/window
[memorygraph_v2_sota_nw080] val 700/984 elapsed=66s avg=0.09s/w eta=27s
[cross_encoder_rerank] reranked 600 windows (8201 total pair scorings)
[log_signature_similarity] scored 800 windows (sig_extracted=288 empty=330) elapsed=77s avg=0.097s/window
[memorygraph_v2_sota_nw080] val 800/984 elapsed=77s avg=0.10s/w eta=18s
[log_signature_similarity] scored 900 windows (sig_extracted=341 empty=377) elapsed=88s avg=0.098s/window
[memorygraph_v2_sota_nw080] val 900/984 elapsed=88s avg=0.10s/w eta=8s
[cross_encoder_rerank] reranked 800 windows (11544 total pair scorings)
[memorygraph_v2_sota_nw080] val 984/984 elapsed=100s avg=0.10s/w eta=0s
[memorygraph_v2_sota_nw080] val done; threshold=0.7174
[memorygraph_v2_sota_nw080] scoring 2940 test windows ...
[memorygraph_v2_sota_nw080] test 100/2940 elapsed=2s avg=0.02s/w eta=67s
[log_signature_similarity] scored 1100 windows (sig_extracted=434 empty=411) elapsed=103s avg=0.094s/window
[memorygraph_v2_sota_nw080] test 200/2940 elapsed=6s avg=0.03s/w eta=82s
[log_signature_similarity] scored 1200 windows (sig_extracted=461 empty=434) elapsed=107s avg=0.089s/window
[memorygraph_v2_sota_nw080] test 300/2940 elapsed=11s avg=0.04s/w eta=98s
[memorygraph_v2_sota_nw080] test 400/2940 elapsed=16s avg=0.04s/w eta=105s
[cross_encoder_rerank] reranked 1000 windows (13505 total pair scorings)
[memorygraph_v2_sota_nw080] test 500/2940 elapsed=22s avg=0.04s/w eta=107s
[memorygraph_v2_sota_nw080] test 600/2940 elapsed=28s avg=0.05s/w eta=109s
[memorygraph_v2_sota_nw080] test 700/2940 elapsed=34s avg=0.05s/w eta=110s
[log_signature_similarity] scored 1700 windows (sig_extracted=582 empty=594) elapsed=135s avg=0.080s/window
[cross_encoder_rerank] reranked 1200 windows (16913 total pair scorings)
[memorygraph_v2_sota_nw080] test 800/2940 elapsed=40s avg=0.05s/w eta=107s
[memorygraph_v2_sota_nw080] test 900/2940 elapsed=46s avg=0.05s/w eta=105s
[log_signature_similarity] scored 1900 windows (sig_extracted=633 empty=654) elapsed=147s avg=0.078s/window
[memorygraph_v2_sota_nw080] test 1000/2940 elapsed=52s avg=0.05s/w eta=102s
[memorygraph_v2_sota_nw080] test 1100/2940 elapsed=58s avg=0.05s/w eta=97s
[log_signature_similarity] scored 2100 windows (sig_extracted=672 empty=724) elapsed=159s avg=0.076s/window
[cross_encoder_rerank] reranked 1400 windows (20582 total pair scorings)
[memorygraph_v2_sota_nw080] test 1200/2940 elapsed=64s avg=0.05s/w eta=93s
[memorygraph_v2_sota_nw080] test 1300/2940 elapsed=71s avg=0.05s/w eta=90s
[memorygraph_v2_sota_nw080] test 1400/2940 elapsed=77s avg=0.05s/w eta=84s
[memorygraph_v2_sota_nw080] test 1500/2940 elapsed=77s avg=0.05s/w eta=74s
[cross_encoder_rerank] reranked 1600 windows (23963 total pair scorings)
[memorygraph_v2_sota_nw080] test 1600/2940 elapsed=84s avg=0.05s/w eta=71s
[memorygraph_v2_sota_nw080] test 1700/2940 elapsed=94s avg=0.06s/w eta=68s
[log_signature_similarity] scored 2700 windows (sig_extracted=791 empty=931) elapsed=195s avg=0.072s/window
[cross_encoder_rerank] reranked 1800 windows (26838 total pair scorings)
[memorygraph_v2_sota_nw080] test 1800/2940 elapsed=106s avg=0.06s/w eta=67s
[log_signature_similarity] scored 2800 windows (sig_extracted=847 empty=975) elapsed=208s avg=0.074s/window
[memorygraph_v2_sota_nw080] test 1900/2940 elapsed=118s avg=0.06s/w eta=65s
[log_signature_similarity] scored 2900 windows (sig_extracted=900 empty=1022) elapsed=220s avg=0.076s/window
[cross_encoder_rerank] reranked 2000 windows (30037 total pair scorings)
[memorygraph_v2_sota_nw080] test 2000/2940 elapsed=130s avg=0.07s/w eta=61s
[memorygraph_v2_sota_nw080] test 2100/2940 elapsed=143s avg=0.07s/w eta=57s
[cross_encoder_rerank] reranked 2200 windows (33263 total pair scorings)
[memorygraph_v2_sota_nw080] test 2200/2940 elapsed=154s avg=0.07s/w eta=52s
[log_signature_similarity] scored 3200 windows (sig_extracted=1064 empty=1158) elapsed=256s avg=0.080s/window
[memorygraph_v2_sota_nw080] test 2300/2940 elapsed=165s avg=0.07s/w eta=46s
[log_signature_similarity] scored 3300 windows (sig_extracted=1122 empty=1200) elapsed=267s avg=0.081s/window
[cross_encoder_rerank] reranked 2400 windows (36516 total pair scorings)
[memorygraph_v2_sota_nw080] test 2400/2940 elapsed=177s avg=0.07s/w eta=40s
[memorygraph_v2_sota_nw080] test 2500/2940 elapsed=188s avg=0.08s/w eta=33s
[log_signature_similarity] scored 3500 windows (sig_extracted=1227 empty=1295) elapsed=290s avg=0.083s/window
[cross_encoder_rerank] reranked 2600 windows (39778 total pair scorings)
[memorygraph_v2_sota_nw080] test 2600/2940 elapsed=200s avg=0.08s/w eta=26s
[log_signature_similarity] scored 3600 windows (sig_extracted=1281 empty=1341) elapsed=301s avg=0.084s/window
[memorygraph_v2_sota_nw080] test 2700/2940 elapsed=211s avg=0.08s/w eta=19s
[log_signature_similarity] scored 3700 windows (sig_extracted=1336 empty=1386) elapsed=312s avg=0.084s/window
[cross_encoder_rerank] reranked 2800 windows (42950 total pair scorings)
[memorygraph_v2_sota_nw080] test 2800/2940 elapsed=222s avg=0.08s/w eta=11s
[log_signature_similarity] scored 3800 windows (sig_extracted=1387 empty=1435) elapsed=324s avg=0.085s/window
[memorygraph_v2_sota_nw080] test 2900/2940 elapsed=233s avg=0.08s/w eta=3s
[log_signature_similarity] scored 3900 windows (sig_extracted=1432 empty=1490) elapsed=335s avg=0.086s/window
[memorygraph_v2_sota_nw080] test 2940/2940 elapsed=238s avg=0.08s/w eta=0s
[2026-06-01T21:49:54.280380+00:00] fit + predict done: fit=8.3s predict=237.7s n_predictions=2940
[2026-06-01T21:49:54.839490+00:00] training_run close: memorygraph_v2_sota_nw080__20260601T214407Z__1b8f3651
[comparison] computing stratified metrics (strict)
[comparison] computing stratified metrics (inclusive)
[comparison] paired bootstrap (1000 resamples) per metric
[comparison] depth-stratified bootstrap CIs (1000 resamples)
[comparison] LOFO for hist_gradient_boosting_numeric ...
Wrote comparison report to data\derived\global\2026-05-25-dataset-v5-large-global\comparison\phase-a-anchor
