[2026-06-01T22:01:32.701572+00:00] notes: comparison: pipelines=['hgb', 'memorygraph_v2_sota_nw080', 'memorygraph_v2_sota_nw080_ft']
[2026-06-01T22:01:32.701645+00:00] training_run open: hgb__20260601T220132Z__f4684b35
[2026-06-01T22:01:32.714719+00:00] fit + predict starting for hgb
[2026-06-01T22:01:37.083968+00:00] fit + predict done: fit=3.9s predict=0.0s n_predictions=2940
[2026-06-01T22:01:37.562305+00:00] training_run close: hgb__20260601T220132Z__f4684b35
[2026-06-01T22:01:37.576087+00:00] notes: comparison: pipelines=['hgb', 'memorygraph_v2_sota_nw080', 'memorygraph_v2_sota_nw080_ft']
[2026-06-01T22:01:37.576150+00:00] training_run open: memorygraph_v2_sota_nw080__20260601T220137Z__f4684b35
[2026-06-01T22:01:37.588576+00:00] fit + predict starting for memorygraph_v2_sota_nw080
[memorygraph_v2_sota_nw080] scoring 984 validation windows ...
[cross_encoder_rerank] loading hub: cross-encoder/ms-marco-MiniLM-L-6-v2 ... (first hub run downloads ~80MB)
Warning: You are sending unauthenticated requests to the HF Hub. Please set a HF_TOKEN to enable higher rate limits and faster downloads.
[comparison] running pipeline: hgb
[comparison] running pipeline: memorygraph_v2_sota_nw080
Loading weights:   0%|          | 0/105 [00:00<?, ?it/s]Loading weights: 100%|##########| 105/105 [00:00<00:00, 5815.96it/s]
`CrossEncoder._target_device` has been deprecated. Please use `CrossEncoder.device` instead.
[cross_encoder_rerank] model ready; device=cuda:0
[log_signature_similarity] scored 100 windows (sig_extracted=9 empty=40) elapsed=11s avg=0.109s/window
[memorygraph_v2_sota_nw080] val 100/984 elapsed=11s avg=0.11s/w eta=96s
[memorygraph_v2_sota_nw080] val 200/984 elapsed=15s avg=0.08s/w eta=60s
[memorygraph_v2_sota_nw080] val 300/984 elapsed=21s avg=0.07s/w eta=47s
[cross_encoder_rerank] reranked 200 windows (2289 total pair scorings)
[memorygraph_v2_sota_nw080] val 400/984 elapsed=25s avg=0.06s/w eta=37s
[log_signature_similarity] scored 500 windows (sig_extracted=133 empty=191) elapsed=38s avg=0.076s/window
[memorygraph_v2_sota_nw080] val 500/984 elapsed=38s avg=0.08s/w eta=37s
[cross_encoder_rerank] reranked 400 windows (5538 total pair scorings)
[memorygraph_v2_sota_nw080] val 600/984 elapsed=50s avg=0.08s/w eta=32s
[log_signature_similarity] scored 700 windows (sig_extracted=231 empty=287) elapsed=60s avg=0.086s/window
[memorygraph_v2_sota_nw080] val 700/984 elapsed=60s avg=0.09s/w eta=24s
[cross_encoder_rerank] reranked 600 windows (8201 total pair scorings)
[log_signature_similarity] scored 800 windows (sig_extracted=288 empty=330) elapsed=71s avg=0.089s/window
[memorygraph_v2_sota_nw080] val 800/984 elapsed=71s avg=0.09s/w eta=16s
[log_signature_similarity] scored 900 windows (sig_extracted=341 empty=377) elapsed=81s avg=0.090s/window
[memorygraph_v2_sota_nw080] val 900/984 elapsed=81s avg=0.09s/w eta=8s
[cross_encoder_rerank] reranked 800 windows (11544 total pair scorings)
[memorygraph_v2_sota_nw080] val 984/984 elapsed=92s avg=0.09s/w eta=0s
[memorygraph_v2_sota_nw080] val done; threshold=0.7174
[memorygraph_v2_sota_nw080] scoring 2940 test windows ...
[memorygraph_v2_sota_nw080] test 100/2940 elapsed=2s avg=0.02s/w eta=56s
[log_signature_similarity] scored 1100 windows (sig_extracted=434 empty=411) elapsed=95s avg=0.086s/window
[memorygraph_v2_sota_nw080] test 200/2940 elapsed=5s avg=0.03s/w eta=71s
[log_signature_similarity] scored 1200 windows (sig_extracted=461 empty=434) elapsed=98s avg=0.082s/window
[memorygraph_v2_sota_nw080] test 300/2940 elapsed=10s avg=0.03s/w eta=85s
[memorygraph_v2_sota_nw080] test 400/2940 elapsed=14s avg=0.04s/w eta=91s
[cross_encoder_rerank] reranked 1000 windows (13505 total pair scorings)
[memorygraph_v2_sota_nw080] test 500/2940 elapsed=19s avg=0.04s/w eta=93s
[memorygraph_v2_sota_nw080] test 600/2940 elapsed=24s avg=0.04s/w eta=95s
[memorygraph_v2_sota_nw080] test 700/2940 elapsed=30s avg=0.04s/w eta=97s
[log_signature_similarity] scored 1700 windows (sig_extracted=582 empty=594) elapsed=123s avg=0.073s/window
[cross_encoder_rerank] reranked 1200 windows (16913 total pair scorings)
[memorygraph_v2_sota_nw080] test 800/2940 elapsed=36s avg=0.05s/w eta=97s
[memorygraph_v2_sota_nw080] test 900/2940 elapsed=42s avg=0.05s/w eta=96s
[log_signature_similarity] scored 1900 windows (sig_extracted=633 empty=654) elapsed=136s avg=0.071s/window
[memorygraph_v2_sota_nw080] test 1000/2940 elapsed=49s avg=0.05s/w eta=94s
[memorygraph_v2_sota_nw080] test 1100/2940 elapsed=55s avg=0.05s/w eta=91s
[log_signature_similarity] scored 2100 windows (sig_extracted=672 empty=724) elapsed=148s avg=0.070s/window
[cross_encoder_rerank] reranked 1400 windows (20582 total pair scorings)
[memorygraph_v2_sota_nw080] test 1200/2940 elapsed=61s avg=0.05s/w eta=88s
[memorygraph_v2_sota_nw080] test 1300/2940 elapsed=68s avg=0.05s/w eta=85s
[memorygraph_v2_sota_nw080] test 1400/2940 elapsed=73s avg=0.05s/w eta=80s
[memorygraph_v2_sota_nw080] test 1500/2940 elapsed=73s avg=0.05s/w eta=70s
[cross_encoder_rerank] reranked 1600 windows (23963 total pair scorings)
[memorygraph_v2_sota_nw080] test 1600/2940 elapsed=80s avg=0.05s/w eta=67s
[memorygraph_v2_sota_nw080] test 1700/2940 elapsed=89s avg=0.05s/w eta=65s
[log_signature_similarity] scored 2700 windows (sig_extracted=791 empty=931) elapsed=183s avg=0.068s/window
[cross_encoder_rerank] reranked 1800 windows (26838 total pair scorings)
[memorygraph_v2_sota_nw080] test 1800/2940 elapsed=101s avg=0.06s/w eta=64s
[log_signature_similarity] scored 2800 windows (sig_extracted=847 empty=975) elapsed=195s avg=0.070s/window
[memorygraph_v2_sota_nw080] test 1900/2940 elapsed=113s avg=0.06s/w eta=62s
[log_signature_similarity] scored 2900 windows (sig_extracted=900 empty=1022) elapsed=208s avg=0.072s/window
[cross_encoder_rerank] reranked 2000 windows (30037 total pair scorings)
[memorygraph_v2_sota_nw080] test 2000/2940 elapsed=126s avg=0.06s/w eta=59s
[memorygraph_v2_sota_nw080] test 2100/2940 elapsed=139s avg=0.07s/w eta=55s
[cross_encoder_rerank] reranked 2200 windows (33263 total pair scorings)
[memorygraph_v2_sota_nw080] test 2200/2940 elapsed=152s avg=0.07s/w eta=51s
[log_signature_similarity] scored 3200 windows (sig_extracted=1064 empty=1158) elapsed=246s avg=0.077s/window
[memorygraph_v2_sota_nw080] test 2300/2940 elapsed=164s avg=0.07s/w eta=46s
[log_signature_similarity] scored 3300 windows (sig_extracted=1122 empty=1200) elapsed=258s avg=0.078s/window
[cross_encoder_rerank] reranked 2400 windows (36516 total pair scorings)
[memorygraph_v2_sota_nw080] test 2400/2940 elapsed=177s avg=0.07s/w eta=40s
[memorygraph_v2_sota_nw080] test 2500/2940 elapsed=189s avg=0.08s/w eta=33s
[log_signature_similarity] scored 3500 windows (sig_extracted=1227 empty=1295) elapsed=284s avg=0.081s/window
[cross_encoder_rerank] reranked 2600 windows (39778 total pair scorings)
[memorygraph_v2_sota_nw080] test 2600/2940 elapsed=202s avg=0.08s/w eta=26s
[log_signature_similarity] scored 3600 windows (sig_extracted=1281 empty=1341) elapsed=296s avg=0.082s/window
[memorygraph_v2_sota_nw080] test 2700/2940 elapsed=214s avg=0.08s/w eta=19s
[log_signature_similarity] scored 3700 windows (sig_extracted=1336 empty=1386) elapsed=307s avg=0.083s/window
[cross_encoder_rerank] reranked 2800 windows (42950 total pair scorings)
[memorygraph_v2_sota_nw080] test 2800/2940 elapsed=226s avg=0.08s/w eta=11s
[log_signature_similarity] scored 3800 windows (sig_extracted=1387 empty=1435) elapsed=320s avg=0.084s/window
[memorygraph_v2_sota_nw080] test 2900/2940 elapsed=238s avg=0.08s/w eta=3s
[log_signature_similarity] scored 3900 windows (sig_extracted=1432 empty=1490) elapsed=332s avg=0.085s/window
[memorygraph_v2_sota_nw080] test 2940/2940 elapsed=243s avg=0.08s/w eta=0s
[2026-06-01T22:07:17.642821+00:00] fit + predict done: fit=4.7s predict=242.6s n_predictions=2940
[2026-06-01T22:07:18.317725+00:00] training_run close: memorygraph_v2_sota_nw080__20260601T220137Z__f4684b35
[2026-06-01T22:07:18.355004+00:00] notes: comparison: pipelines=['hgb', 'memorygraph_v2_sota_nw080', 'memorygraph_v2_sota_nw080_ft']
[2026-06-01T22:07:18.355093+00:00] training_run open: memorygraph_v2_sota_nw080_ft__20260601T220718Z__f4684b35
[2026-06-01T22:07:18.369164+00:00] fit + predict starting for memorygraph_v2_sota_nw080_ft
[memorygraph_v2_sota_nw080_ft] scoring 984 validation windows ...
[cross_encoder_rerank] loading local: C:\workplace\JiraAndLogs\results\phase-b-finetune\crossenc_ft_v1 ... (first hub run downloads ~80MB)
[comparison] running pipeline: memorygraph_v2_sota_nw080_ft
Loading weights:   0%|          | 0/105 [00:00<?, ?it/s]Loading weights: 100%|##########| 105/105 [00:00<00:00, 4938.74it/s]
`CrossEncoder._target_device` has been deprecated. Please use `CrossEncoder.device` instead.
[cross_encoder_rerank] model ready; device=cuda:0
[log_signature_similarity] scored 100 windows (sig_extracted=9 empty=40) elapsed=3s avg=0.035s/window
[memorygraph_v2_sota_nw080_ft] val 100/984 elapsed=4s avg=0.04s/w eta=31s
[memorygraph_v2_sota_nw080_ft] val 200/984 elapsed=8s avg=0.04s/w eta=32s
[memorygraph_v2_sota_nw080_ft] val 300/984 elapsed=14s avg=0.05s/w eta=32s
[cross_encoder_rerank] reranked 200 windows (2289 total pair scorings)
[memorygraph_v2_sota_nw080_ft] val 400/984 elapsed=19s avg=0.05s/w eta=28s
[log_signature_similarity] scored 500 windows (sig_extracted=133 empty=191) elapsed=33s avg=0.066s/window
[memorygraph_v2_sota_nw080_ft] val 500/984 elapsed=33s avg=0.07s/w eta=32s
[cross_encoder_rerank] reranked 400 windows (5538 total pair scorings)
[memorygraph_v2_sota_nw080_ft] val 600/984 elapsed=46s avg=0.08s/w eta=29s
[log_signature_similarity] scored 700 windows (sig_extracted=231 empty=287) elapsed=57s avg=0.081s/window
[memorygraph_v2_sota_nw080_ft] val 700/984 elapsed=57s avg=0.08s/w eta=23s
[cross_encoder_rerank] reranked 600 windows (8201 total pair scorings)
[log_signature_similarity] scored 800 windows (sig_extracted=288 empty=330) elapsed=68s avg=0.085s/window
[memorygraph_v2_sota_nw080_ft] val 800/984 elapsed=68s avg=0.09s/w eta=16s
[log_signature_similarity] scored 900 windows (sig_extracted=341 empty=377) elapsed=79s avg=0.088s/window
[memorygraph_v2_sota_nw080_ft] val 900/984 elapsed=79s avg=0.09s/w eta=7s
[cross_encoder_rerank] reranked 800 windows (11544 total pair scorings)
[memorygraph_v2_sota_nw080_ft] val 984/984 elapsed=91s avg=0.09s/w eta=0s
[memorygraph_v2_sota_nw080_ft] val done; threshold=0.7243
[memorygraph_v2_sota_nw080_ft] scoring 2940 test windows ...
[memorygraph_v2_sota_nw080_ft] test 100/2940 elapsed=2s avg=0.02s/w eta=61s
[log_signature_similarity] scored 1100 windows (sig_extracted=434 empty=411) elapsed=93s avg=0.085s/window
[memorygraph_v2_sota_nw080_ft] test 200/2940 elapsed=6s avg=0.03s/w eta=77s
[log_signature_similarity] scored 1200 windows (sig_extracted=461 empty=434) elapsed=97s avg=0.081s/window
[memorygraph_v2_sota_nw080_ft] test 300/2940 elapsed=11s avg=0.04s/w eta=94s
[memorygraph_v2_sota_nw080_ft] test 400/2940 elapsed=16s avg=0.04s/w eta=100s
[cross_encoder_rerank] reranked 1000 windows (13505 total pair scorings)
[memorygraph_v2_sota_nw080_ft] test 500/2940 elapsed=21s avg=0.04s/w eta=102s
[memorygraph_v2_sota_nw080_ft] test 600/2940 elapsed=27s avg=0.04s/w eta=103s
[memorygraph_v2_sota_nw080_ft] test 700/2940 elapsed=33s avg=0.05s/w eta=105s
[log_signature_similarity] scored 1700 windows (sig_extracted=582 empty=594) elapsed=124s avg=0.073s/window
[cross_encoder_rerank] reranked 1200 windows (16913 total pair scorings)
[memorygraph_v2_sota_nw080_ft] test 800/2940 elapsed=39s avg=0.05s/w eta=103s
[memorygraph_v2_sota_nw080_ft] test 900/2940 elapsed=44s avg=0.05s/w eta=101s
[log_signature_similarity] scored 1900 windows (sig_extracted=633 empty=654) elapsed=136s avg=0.072s/window
[memorygraph_v2_sota_nw080_ft] test 1000/2940 elapsed=51s avg=0.05s/w eta=99s
[memorygraph_v2_sota_nw080_ft] test 1100/2940 elapsed=57s avg=0.05s/w eta=95s
[log_signature_similarity] scored 2100 windows (sig_extracted=672 empty=724) elapsed=148s avg=0.071s/window
[cross_encoder_rerank] reranked 1400 windows (20582 total pair scorings)
[memorygraph_v2_sota_nw080_ft] test 1200/2940 elapsed=63s avg=0.05s/w eta=91s
[memorygraph_v2_sota_nw080_ft] test 1300/2940 elapsed=69s avg=0.05s/w eta=87s
[memorygraph_v2_sota_nw080_ft] test 1400/2940 elapsed=74s avg=0.05s/w eta=82s
[memorygraph_v2_sota_nw080_ft] test 1500/2940 elapsed=75s avg=0.05s/w eta=72s
[cross_encoder_rerank] reranked 1600 windows (23963 total pair scorings)
[memorygraph_v2_sota_nw080_ft] test 1600/2940 elapsed=81s avg=0.05s/w eta=68s
[memorygraph_v2_sota_nw080_ft] test 1700/2940 elapsed=90s avg=0.05s/w eta=66s
[log_signature_similarity] scored 2700 windows (sig_extracted=791 empty=931) elapsed=182s avg=0.067s/window
[cross_encoder_rerank] reranked 1800 windows (26838 total pair scorings)
[memorygraph_v2_sota_nw080_ft] test 1800/2940 elapsed=101s avg=0.06s/w eta=64s
[log_signature_similarity] scored 2800 windows (sig_extracted=847 empty=975) elapsed=193s avg=0.069s/window
[memorygraph_v2_sota_nw080_ft] test 1900/2940 elapsed=112s avg=0.06s/w eta=62s
[log_signature_similarity] scored 2900 windows (sig_extracted=900 empty=1022) elapsed=205s avg=0.071s/window
[cross_encoder_rerank] reranked 2000 windows (30037 total pair scorings)
[memorygraph_v2_sota_nw080_ft] test 2000/2940 elapsed=124s avg=0.06s/w eta=58s
[memorygraph_v2_sota_nw080_ft] test 2100/2940 elapsed=135s avg=0.06s/w eta=54s
[cross_encoder_rerank] reranked 2200 windows (33263 total pair scorings)
[memorygraph_v2_sota_nw080_ft] test 2200/2940 elapsed=147s avg=0.07s/w eta=49s
[log_signature_similarity] scored 3200 windows (sig_extracted=1064 empty=1158) elapsed=239s avg=0.075s/window
[memorygraph_v2_sota_nw080_ft] test 2300/2940 elapsed=158s avg=0.07s/w eta=44s
[log_signature_similarity] scored 3300 windows (sig_extracted=1122 empty=1200) elapsed=250s avg=0.076s/window
[cross_encoder_rerank] reranked 2400 windows (36516 total pair scorings)
[memorygraph_v2_sota_nw080_ft] test 2400/2940 elapsed=169s avg=0.07s/w eta=38s
[memorygraph_v2_sota_nw080_ft] test 2500/2940 elapsed=181s avg=0.07s/w eta=32s
[log_signature_similarity] scored 3500 windows (sig_extracted=1227 empty=1295) elapsed=273s avg=0.078s/window
[cross_encoder_rerank] reranked 2600 windows (39778 total pair scorings)
[memorygraph_v2_sota_nw080_ft] test 2600/2940 elapsed=192s avg=0.07s/w eta=25s
[log_signature_similarity] scored 3600 windows (sig_extracted=1281 empty=1341) elapsed=284s avg=0.079s/window
[memorygraph_v2_sota_nw080_ft] test 2700/2940 elapsed=203s avg=0.08s/w eta=18s
[log_signature_similarity] scored 3700 windows (sig_extracted=1336 empty=1386) elapsed=295s avg=0.080s/window
[cross_encoder_rerank] reranked 2800 windows (42950 total pair scorings)
[memorygraph_v2_sota_nw080_ft] test 2800/2940 elapsed=214s avg=0.08s/w eta=11s
[log_signature_similarity] scored 3800 windows (sig_extracted=1387 empty=1435) elapsed=306s avg=0.081s/window
[memorygraph_v2_sota_nw080_ft] test 2900/2940 elapsed=225s avg=0.08s/w eta=3s
[log_signature_similarity] scored 3900 windows (sig_extracted=1432 empty=1490) elapsed=317s avg=0.081s/window
[memorygraph_v2_sota_nw080_ft] test 2940/2940 elapsed=229s avg=0.08s/w eta=0s
[2026-06-01T22:12:43.694976+00:00] fit + predict done: fit=5.2s predict=229.0s n_predictions=2940
[2026-06-01T22:12:44.243266+00:00] training_run close: memorygraph_v2_sota_nw080_ft__20260601T220718Z__f4684b35
[comparison] computing stratified metrics (strict)
[comparison] computing stratified metrics (inclusive)
[comparison] paired bootstrap (1000 resamples) per metric
[comparison] depth-stratified bootstrap CIs (1000 resamples)
[comparison] LOFO for hist_gradient_boosting_numeric ...
Wrote comparison report to data\derived\global\2026-05-25-dataset-v5-large-global\comparison\phase-b-finetune
