[13:43:35] [INFO ] [v2_advanced.phase_a.run_v2] step=patch_split start  manifest=triage-split-manifest-v2-resplit.json
[13:43:35] [INFO ] [v2_advanced.phase_a.window_split] loaded v2 manifest  windows=6720 seed=42
[13:43:35] [INFO ] [v2_advanced.phase_a.run_v2] patched iter_split  rebound_in_modules=1
[13:43:35] [INFO ] [v2_advanced.phase_a.run_v2] step=patch_split done  elapsed_s=0.0000
[13:43:38] [INFO ] [v2_advanced.phase_a.run_v2] running v2 comparison  pipelines=['cross_encoder_retrieval_g2'] n_bootstrap=1000
[13:43:38] [INFO ] [v2_advanced.phase_a.run_v2] step=run_comparison start  pipelines=1
[2026-06-05T17:43:38.178417+00:00] notes: comparison: pipelines=['cross_encoder_retrieval_g2']
[2026-06-05T17:43:38.178477+00:00] training_run open: cross_encoder_retrieval_g2__20260605T174338Z__e58f2321
[2026-06-05T17:43:38.191081+00:00] fit + predict starting for cross_encoder_retrieval_g2
[comparison] running pipeline: cross_encoder_retrieval_g2
[cross_encoder_retrieval_g2] test windows: 1008, memory: 347
[cross_encoder_retrieval_g2] candidate pool built for 1008 windows
[cross_encoder_retrieval_g2] avg pool size: 15.2 candidates/window
[cross_encoder_retrieval_g2] loading cross-encoder from data/derived/global/2026-05-25-dataset-v5-large-global/comparison/v2g-final-models/g2-crossencoder-rerank/model
Loading weights:   0%|          | 0/105 [00:00<?, ?it/s]Loading weights: 100%|##########| 105/105 [00:00<00:00, 15255.18it/s]
[2026-06-05T17:44:25.448315+00:00] fit + predict done: fit=0.0s predict=42.0s n_predictions=1008
[2026-06-05T17:44:25.620673+00:00] training_run close: cross_encoder_retrieval_g2__20260605T174338Z__e58f2321
[13:44:28] [INFO ] [v2_advanced.phase_a.run_v2] step=run_comparison done  elapsed_s=50.2400
[13:44:28] [INFO ] [v2_advanced.phase_a.run_v2] v2 comparison done  output_dir=data\derived\global\2026-05-25-dataset-v5-large-global\comparison\v2g-final-models\g2-crossencoder-rerank pipelines=1 report_kb=104.80
[cross_encoder_retrieval_g2] scored 100/1008 windows, 826 pairs
[cross_encoder_retrieval_g2] scored 200/1008 windows, 2013 pairs
[cross_encoder_retrieval_g2] scored 300/1008 windows, 3246 pairs
[cross_encoder_retrieval_g2] scored 400/1008 windows, 4596 pairs
[cross_encoder_retrieval_g2] scored 500/1008 windows, 5588 pairs
[cross_encoder_retrieval_g2] scored 600/1008 windows, 6866 pairs
[cross_encoder_retrieval_g2] scored 700/1008 windows, 8308 pairs
[cross_encoder_retrieval_g2] scored 800/1008 windows, 9918 pairs
[cross_encoder_retrieval_g2] scored 900/1008 windows, 11495 pairs
[cross_encoder_retrieval_g2] scored 1000/1008 windows, 13008 pairs
[cross_encoder_retrieval_g2] DONE in 42.0s, 13130 pairs scored
[comparison] computing stratified metrics (strict)
[comparison] computing stratified metrics (inclusive)
[comparison] paired bootstrap (1000 resamples) per metric
[comparison] depth-stratified bootstrap CIs (1000 resamples)
