[13:57:42] [INFO ] [v2_advanced.phase_d.extract_windows_cli] loading v2 manifest  path=data\derived\global\2026-05-25-dataset-v5-large-global\triage-split-manifest-v2-resplit.json
[13:57:42] [INFO ] [v2_advanced.phase_d.extract_windows_cli] windows to extract  n=1008 split=test
[13:57:44] [INFO ] [v2_advanced.phase_d.extract_windows_cli] LM Studio reachable  url=http://localhost:1234
[13:57:44] [INFO ] [v2_advanced.phase_d.extract_windows_cli] step=extract_windows start  n=1008
[13:58:44] [INFO ] [v2_advanced.phase_d.extract_windows_cli] window extraction progress  done=10 total=1008 failed_or_empty=0 avg_s_per_window=5.9600 eta_min=99.2000
[14:00:04] [INFO ] [v2_advanced.phase_d.extract_windows_cli] window extraction progress  done=20 total=1008 failed_or_empty=0 avg_s_per_window=7.0100 eta_min=115.50
[14:01:28] [INFO ] [v2_advanced.phase_d.extract_windows_cli] window extraction progress  done=30 total=1008 failed_or_empty=0 avg_s_per_window=7.4800 eta_min=121.90
[14:02:45] [INFO ] [v2_advanced.phase_d.extract_windows_cli] window extraction progress  done=40 total=1008 failed_or_empty=0 avg_s_per_window=7.5300 eta_min=121.50
[14:04:02] [INFO ] [v2_advanced.phase_d.extract_windows_cli] window extraction progress  done=50 total=1008 failed_or_empty=0 avg_s_per_window=7.5600 eta_min=120.80
[14:05:22] [INFO ] [v2_advanced.phase_d.extract_windows_cli] window extraction progress  done=60 total=1008 failed_or_empty=0 avg_s_per_window=7.6400 eta_min=120.70
[14:06:38] [INFO ] [v2_advanced.phase_d.extract_windows_cli] window extraction progress  done=70 total=1008 failed_or_empty=0 avg_s_per_window=7.6300 eta_min=119.40
[14:07:59] [INFO ] [v2_advanced.phase_d.extract_windows_cli] window extraction progress  done=80 total=1008 failed_or_empty=0 avg_s_per_window=7.6900 eta_min=118.90
[14:09:22] [INFO ] [v2_advanced.phase_d.extract_windows_cli] window extraction progress  done=90 total=1008 failed_or_empty=0 avg_s_per_window=7.7600 eta_min=118.70
[14:10:43] [INFO ] [v2_advanced.phase_d.extract_windows_cli] window extraction progress  done=100 total=1008 failed_or_empty=0 avg_s_per_window=7.7900 eta_min=117.90
[14:12:04] [INFO ] [v2_advanced.phase_d.extract_windows_cli] window extraction progress  done=110 total=1008 failed_or_empty=0 avg_s_per_window=7.8200 eta_min=117.10
[14:13:33] [INFO ] [v2_advanced.phase_d.extract_windows_cli] window extraction progress  done=120 total=1008 failed_or_empty=0 avg_s_per_window=7.9000 eta_min=117.00
[14:14:47] [INFO ] [v2_advanced.phase_d.extract_windows_cli] window extraction progress  done=130 total=1008 failed_or_empty=0 avg_s_per_window=7.8700 eta_min=115.20
[14:16:06] [INFO ] [v2_advanced.phase_d.extract_windows_cli] window extraction progress  done=140 total=1008 failed_or_empty=0 avg_s_per_window=7.8700 eta_min=113.80
[14:17:21] [INFO ] [v2_advanced.phase_d.extract_windows_cli] window extraction progress  done=150 total=1008 failed_or_empty=0 avg_s_per_window=7.8500 eta_min=112.20
[14:18:43] [INFO ] [v2_advanced.phase_d.extract_windows_cli] window extraction progress  done=160 total=1008 failed_or_empty=0 avg_s_per_window=7.8700 eta_min=111.20
[14:20:05] [INFO ] [v2_advanced.phase_d.extract_windows_cli] window extraction progress  done=170 total=1008 failed_or_empty=0 avg_s_per_window=7.8900 eta_min=110.20
[14:21:12] [INFO ] [v2_advanced.phase_d.extract_windows_cli] window extraction progress  done=180 total=1008 failed_or_empty=0 avg_s_per_window=7.8200 eta_min=107.90
[14:22:26] [INFO ] [v2_advanced.phase_d.extract_windows_cli] window extraction progress  done=190 total=1008 failed_or_empty=0 avg_s_per_window=7.8000 eta_min=106.30
[14:23:45] [INFO ] [v2_advanced.phase_d.extract_windows_cli] window extraction progress  done=200 total=1008 failed_or_empty=0 avg_s_per_window=7.8000 eta_min=105.10
[14:25:00] [INFO ] [v2_advanced.phase_d.extract_windows_cli] window extraction progress  done=210 total=1008 failed_or_empty=0 avg_s_per_window=7.7900 eta_min=103.60
[14:26:21] [INFO ] [v2_advanced.phase_d.extract_windows_cli] window extraction progress  done=220 total=1008 failed_or_empty=0 avg_s_per_window=7.8100 eta_min=102.50
[14:27:34] [INFO ] [v2_advanced.phase_d.extract_windows_cli] window extraction progress  done=230 total=1008 failed_or_empty=0 avg_s_per_window=7.7800 eta_min=100.90
[14:28:51] [INFO ] [v2_advanced.phase_d.extract_windows_cli] window extraction progress  done=240 total=1008 failed_or_empty=0 avg_s_per_window=7.7800 eta_min=99.6000
[14:30:07] [INFO ] [v2_advanced.phase_d.extract_windows_cli] window extraction progress  done=250 total=1008 failed_or_empty=0 avg_s_per_window=7.7700 eta_min=98.2000
[14:31:26] [INFO ] [v2_advanced.phase_d.extract_windows_cli] window extraction progress  done=260 total=1008 failed_or_empty=0 avg_s_per_window=7.7800 eta_min=97.0000
[14:32:39] [INFO ] [v2_advanced.phase_d.extract_windows_cli] window extraction progress  done=270 total=1008 failed_or_empty=0 avg_s_per_window=7.7600 eta_min=95.5000
[14:33:53] [INFO ] [v2_advanced.phase_d.extract_windows_cli] window extraction progress  done=280 total=1008 failed_or_empty=0 avg_s_per_window=7.7500 eta_min=94.0000
[14:35:17] [INFO ] [v2_advanced.phase_d.extract_windows_cli] window extraction progress  done=290 total=1008 failed_or_empty=0 avg_s_per_window=7.7700 eta_min=93.0000
[14:36:33] [INFO ] [v2_advanced.phase_d.extract_windows_cli] window extraction progress  done=300 total=1008 failed_or_empty=0 avg_s_per_window=7.7600 eta_min=91.6000
[14:37:51] [INFO ] [v2_advanced.phase_d.extract_windows_cli] window extraction progress  done=310 total=1008 failed_or_empty=0 avg_s_per_window=7.7700 eta_min=90.3000
[14:39:05] [INFO ] [v2_advanced.phase_d.extract_windows_cli] window extraction progress  done=320 total=1008 failed_or_empty=0 avg_s_per_window=7.7500 eta_min=88.9000
[14:40:21] [INFO ] [v2_advanced.phase_d.extract_windows_cli] window extraction progress  done=330 total=1008 failed_or_empty=0 avg_s_per_window=7.7500 eta_min=87.6000
[14:41:39] [INFO ] [v2_advanced.phase_d.extract_windows_cli] window extraction progress  done=340 total=1008 failed_or_empty=0 avg_s_per_window=7.7500 eta_min=86.3000
[14:42:54] [INFO ] [v2_advanced.phase_d.extract_windows_cli] window extraction progress  done=350 total=1008 failed_or_empty=0 avg_s_per_window=7.7400 eta_min=84.9000
[14:44:12] [INFO ] [v2_advanced.phase_d.extract_windows_cli] window extraction progress  done=360 total=1008 failed_or_empty=0 avg_s_per_window=7.7400 eta_min=83.6000
[14:45:29] [INFO ] [v2_advanced.phase_d.extract_windows_cli] window extraction progress  done=370 total=1008 failed_or_empty=0 avg_s_per_window=7.7400 eta_min=82.3000
[14:46:43] [INFO ] [v2_advanced.phase_d.extract_windows_cli] window extraction progress  done=380 total=1008 failed_or_empty=0 avg_s_per_window=7.7300 eta_min=81.0000
[14:47:59] [INFO ] [v2_advanced.phase_d.extract_windows_cli] window extraction progress  done=390 total=1008 failed_or_empty=0 avg_s_per_window=7.7300 eta_min=79.6000
[14:49:26] [INFO ] [v2_advanced.phase_d.extract_windows_cli] window extraction progress  done=400 total=1008 failed_or_empty=0 avg_s_per_window=7.7600 eta_min=78.6000
[14:50:56] [INFO ] [v2_advanced.phase_d.extract_windows_cli] window extraction progress  done=410 total=1008 failed_or_empty=0 avg_s_per_window=7.7800 eta_min=77.6000
[14:52:19] [INFO ] [v2_advanced.phase_d.extract_windows_cli] window extraction progress  done=420 total=1008 failed_or_empty=0 avg_s_per_window=7.8000 eta_min=76.4000
[14:53:41] [INFO ] [v2_advanced.phase_d.extract_windows_cli] window extraction progress  done=430 total=1008 failed_or_empty=0 avg_s_per_window=7.8100 eta_min=75.2000
[14:54:53] [INFO ] [v2_advanced.phase_d.extract_windows_cli] window extraction progress  done=440 total=1008 failed_or_empty=0 avg_s_per_window=7.7900 eta_min=73.8000
[14:56:07] [INFO ] [v2_advanced.phase_d.extract_windows_cli] window extraction progress  done=450 total=1008 failed_or_empty=0 avg_s_per_window=7.7900 eta_min=72.4000
[14:57:37] [INFO ] [v2_advanced.phase_d.extract_windows_cli] window extraction progress  done=460 total=1008 failed_or_empty=0 avg_s_per_window=7.8100 eta_min=71.3000
[14:58:55] [INFO ] [v2_advanced.phase_d.extract_windows_cli] window extraction progress  done=470 total=1008 failed_or_empty=0 avg_s_per_window=7.8100 eta_min=70.0000
[15:00:17] [INFO ] [v2_advanced.phase_d.extract_windows_cli] window extraction progress  done=480 total=1008 failed_or_empty=0 avg_s_per_window=7.8200 eta_min=68.8000
[15:01:35] [INFO ] [v2_advanced.phase_d.extract_windows_cli] window extraction progress  done=490 total=1008 failed_or_empty=0 avg_s_per_window=7.8200 eta_min=67.5000
[15:02:54] [INFO ] [v2_advanced.phase_d.extract_windows_cli] window extraction progress  done=500 total=1008 failed_or_empty=0 avg_s_per_window=7.8200 eta_min=66.2000
[15:04:10] [INFO ] [v2_advanced.phase_d.extract_windows_cli] window extraction progress  done=510 total=1008 failed_or_empty=0 avg_s_per_window=7.8100 eta_min=64.9000
[15:05:28] [INFO ] [v2_advanced.phase_d.extract_windows_cli] window extraction progress  done=520 total=1008 failed_or_empty=0 avg_s_per_window=7.8100 eta_min=63.6000
[15:06:40] [INFO ] [v2_advanced.phase_d.extract_windows_cli] window extraction progress  done=530 total=1008 failed_or_empty=0 avg_s_per_window=7.8000 eta_min=62.2000
[15:07:58] [INFO ] [v2_advanced.phase_d.extract_windows_cli] window extraction progress  done=540 total=1008 failed_or_empty=0 avg_s_per_window=7.8000 eta_min=60.9000
[15:09:17] [INFO ] [v2_advanced.phase_d.extract_windows_cli] window extraction progress  done=550 total=1008 failed_or_empty=0 avg_s_per_window=7.8100 eta_min=59.6000
[15:10:29] [INFO ] [v2_advanced.phase_d.extract_windows_cli] window extraction progress  done=560 total=1008 failed_or_empty=0 avg_s_per_window=7.8000 eta_min=58.2000
[15:11:49] [INFO ] [v2_advanced.phase_d.extract_windows_cli] window extraction progress  done=570 total=1008 failed_or_empty=0 avg_s_per_window=7.8000 eta_min=56.9000
[15:13:04] [INFO ] [v2_advanced.phase_d.extract_windows_cli] window extraction progress  done=580 total=1008 failed_or_empty=0 avg_s_per_window=7.7900 eta_min=55.6000
[15:14:13] [INFO ] [v2_advanced.phase_d.extract_windows_cli] window extraction progress  done=590 total=1008 failed_or_empty=0 avg_s_per_window=7.7800 eta_min=54.2000
[15:15:32] [INFO ] [v2_advanced.phase_d.extract_windows_cli] window extraction progress  done=600 total=1008 failed_or_empty=0 avg_s_per_window=7.7800 eta_min=52.9000
[15:16:58] [INFO ] [v2_advanced.phase_d.extract_windows_cli] window extraction progress  done=610 total=1008 failed_or_empty=0 avg_s_per_window=7.7900 eta_min=51.7000
[15:18:16] [INFO ] [v2_advanced.phase_d.extract_windows_cli] window extraction progress  done=620 total=1008 failed_or_empty=0 avg_s_per_window=7.7900 eta_min=50.4000
[15:19:34] [INFO ] [v2_advanced.phase_d.extract_windows_cli] window extraction progress  done=630 total=1008 failed_or_empty=0 avg_s_per_window=7.7900 eta_min=49.1000
[15:20:53] [INFO ] [v2_advanced.phase_d.extract_windows_cli] window extraction progress  done=640 total=1008 failed_or_empty=0 avg_s_per_window=7.8000 eta_min=47.8000
[15:22:17] [INFO ] [v2_advanced.phase_d.extract_windows_cli] window extraction progress  done=650 total=1008 failed_or_empty=0 avg_s_per_window=7.8100 eta_min=46.6000
[15:23:38] [INFO ] [v2_advanced.phase_d.extract_windows_cli] window extraction progress  done=660 total=1008 failed_or_empty=0 avg_s_per_window=7.8100 eta_min=45.3000
[15:24:58] [INFO ] [v2_advanced.phase_d.extract_windows_cli] window extraction progress  done=670 total=1008 failed_or_empty=0 avg_s_per_window=7.8100 eta_min=44.0000
[15:26:18] [INFO ] [v2_advanced.phase_d.extract_windows_cli] window extraction progress  done=680 total=1008 failed_or_empty=0 avg_s_per_window=7.8100 eta_min=42.7000
[15:27:34] [INFO ] [v2_advanced.phase_d.extract_windows_cli] window extraction progress  done=690 total=1008 failed_or_empty=0 avg_s_per_window=7.8100 eta_min=41.4000
[15:28:53] [INFO ] [v2_advanced.phase_d.extract_windows_cli] window extraction progress  done=700 total=1008 failed_or_empty=0 avg_s_per_window=7.8100 eta_min=40.1000
[15:30:14] [INFO ] [v2_advanced.phase_d.extract_windows_cli] window extraction progress  done=710 total=1008 failed_or_empty=0 avg_s_per_window=7.8200 eta_min=38.8000
[15:31:38] [INFO ] [v2_advanced.phase_d.extract_windows_cli] window extraction progress  done=720 total=1008 failed_or_empty=0 avg_s_per_window=7.8300 eta_min=37.6000
[15:32:52] [INFO ] [v2_advanced.phase_d.extract_windows_cli] window extraction progress  done=730 total=1008 failed_or_empty=0 avg_s_per_window=7.8200 eta_min=36.2000
[15:34:15] [INFO ] [v2_advanced.phase_d.extract_windows_cli] window extraction progress  done=740 total=1008 failed_or_empty=0 avg_s_per_window=7.8300 eta_min=35.0000
[15:35:41] [INFO ] [v2_advanced.phase_d.extract_windows_cli] window extraction progress  done=750 total=1008 failed_or_empty=0 avg_s_per_window=7.8400 eta_min=33.7000
[15:37:04] [INFO ] [v2_advanced.phase_d.extract_windows_cli] window extraction progress  done=760 total=1008 failed_or_empty=0 avg_s_per_window=7.8400 eta_min=32.4000
[15:38:28] [INFO ] [v2_advanced.phase_d.extract_windows_cli] window extraction progress  done=770 total=1008 failed_or_empty=0 avg_s_per_window=7.8500 eta_min=31.1000
[15:39:46] [INFO ] [v2_advanced.phase_d.extract_windows_cli] window extraction progress  done=780 total=1008 failed_or_empty=0 avg_s_per_window=7.8500 eta_min=29.8000
[15:41:08] [INFO ] [v2_advanced.phase_d.extract_windows_cli] window extraction progress  done=790 total=1008 failed_or_empty=0 avg_s_per_window=7.8500 eta_min=28.5000
[15:42:24] [INFO ] [v2_advanced.phase_d.extract_windows_cli] window extraction progress  done=800 total=1008 failed_or_empty=0 avg_s_per_window=7.8500 eta_min=27.2000
[15:43:49] [INFO ] [v2_advanced.phase_d.extract_windows_cli] window extraction progress  done=810 total=1008 failed_or_empty=0 avg_s_per_window=7.8600 eta_min=25.9000
[15:45:23] [INFO ] [v2_advanced.phase_d.extract_windows_cli] window extraction progress  done=820 total=1008 failed_or_empty=0 avg_s_per_window=7.8800 eta_min=24.7000
[15:46:53] [INFO ] [v2_advanced.phase_d.extract_windows_cli] window extraction progress  done=830 total=1008 failed_or_empty=0 avg_s_per_window=7.8900 eta_min=23.4000
[15:48:22] [INFO ] [v2_advanced.phase_d.extract_windows_cli] window extraction progress  done=840 total=1008 failed_or_empty=0 avg_s_per_window=7.9000 eta_min=22.1000
[15:50:03] [INFO ] [v2_advanced.phase_d.extract_windows_cli] window extraction progress  done=850 total=1008 failed_or_empty=0 avg_s_per_window=7.9300 eta_min=20.9000
[15:51:27] [INFO ] [v2_advanced.phase_d.extract_windows_cli] window extraction progress  done=860 total=1008 failed_or_empty=0 avg_s_per_window=7.9300 eta_min=19.6000
[15:52:45] [INFO ] [v2_advanced.phase_d.extract_windows_cli] window extraction progress  done=870 total=1008 failed_or_empty=0 avg_s_per_window=7.9300 eta_min=18.2000
[15:54:03] [INFO ] [v2_advanced.phase_d.extract_windows_cli] window extraction progress  done=880 total=1008 failed_or_empty=0 avg_s_per_window=7.9300 eta_min=16.9000
[15:55:21] [INFO ] [v2_advanced.phase_d.extract_windows_cli] window extraction progress  done=890 total=1008 failed_or_empty=0 avg_s_per_window=7.9300 eta_min=15.6000
[15:56:48] [INFO ] [v2_advanced.phase_d.extract_windows_cli] window extraction progress  done=900 total=1008 failed_or_empty=0 avg_s_per_window=7.9400 eta_min=14.3000
[15:58:09] [INFO ] [v2_advanced.phase_d.extract_windows_cli] window extraction progress  done=910 total=1008 failed_or_empty=0 avg_s_per_window=7.9400 eta_min=13.0000
[15:59:29] [INFO ] [v2_advanced.phase_d.extract_windows_cli] window extraction progress  done=920 total=1008 failed_or_empty=0 avg_s_per_window=7.9400 eta_min=11.6000
[16:00:48] [INFO ] [v2_advanced.phase_d.extract_windows_cli] window extraction progress  done=930 total=1008 failed_or_empty=0 avg_s_per_window=7.9400 eta_min=10.3000
[16:02:02] [INFO ] [v2_advanced.phase_d.extract_windows_cli] window extraction progress  done=940 total=1008 failed_or_empty=0 avg_s_per_window=7.9300 eta_min=9.0000
[16:03:22] [INFO ] [v2_advanced.phase_d.extract_windows_cli] window extraction progress  done=950 total=1008 failed_or_empty=0 avg_s_per_window=7.9400 eta_min=7.7000
[16:04:37] [INFO ] [v2_advanced.phase_d.extract_windows_cli] window extraction progress  done=960 total=1008 failed_or_empty=0 avg_s_per_window=7.9300 eta_min=6.3000
[16:05:50] [INFO ] [v2_advanced.phase_d.extract_windows_cli] window extraction progress  done=970 total=1008 failed_or_empty=0 avg_s_per_window=7.9200 eta_min=5.0000
[16:07:04] [INFO ] [v2_advanced.phase_d.extract_windows_cli] window extraction progress  done=980 total=1008 failed_or_empty=0 avg_s_per_window=7.9200 eta_min=3.7000
[16:08:24] [INFO ] [v2_advanced.phase_d.extract_windows_cli] window extraction progress  done=990 total=1008 failed_or_empty=0 avg_s_per_window=7.9200 eta_min=2.4000
[16:09:39] [INFO ] [v2_advanced.phase_d.extract_windows_cli] window extraction progress  done=1000 total=1008 failed_or_empty=0 avg_s_per_window=7.9200 eta_min=1.1000
[16:10:41] [INFO ] [v2_advanced.phase_d.extract_windows_cli] step=extract_windows done  elapsed_s=7977.15
[16:10:41] [INFO ] [v2_advanced.phase_d.extract_windows_cli] extraction summary  total=1008 with_services=751 with_errors=414 with_symptoms=1008 empty=0
[16:10:41] [INFO ] [v2_advanced.phase_d.extract_windows_cli] consolidated extractions written  path=data\derived\global\2026-05-25-dataset-v5-large-global\v2_kg_extractions_windows\all_extractions.jsonl
