[02:43:48] [INFO ] [v2_advanced.phase_a.run_v2] step=patch_split start  manifest=triage-split-manifest-v2-resplit.json
[02:43:48] [INFO ] [v2_advanced.phase_a.window_split] loaded v2 manifest  windows=6720 seed=42
[02:43:48] [INFO ] [v2_advanced.phase_a.run_v2] patched iter_split  rebound_in_modules=1
[02:43:48] [INFO ] [v2_advanced.phase_a.run_v2] step=patch_split done  elapsed_s=0.0000
[02:43:50] [INFO ] [v2_advanced.phase_a.run_v2] running v2 comparison  pipelines=['hgb', 'tab_transformer', 'memorygraph_v2_sota_nw080', 'bi_encoder_retrieval'] n_bootstrap=1000
[02:43:50] [INFO ] [v2_advanced.phase_a.run_v2] step=run_comparison start  pipelines=4
[2026-06-03T06:43:50.037039+00:00] notes: comparison: pipelines=['hgb', 'tab_transformer', 'memorygraph_v2_sota_nw080', 'bi_encoder_retrieval']
[2026-06-03T06:43:50.037111+00:00] training_run open: hgb__20260603T064350Z__5080b425
[2026-06-03T06:43:50.069375+00:00] fit + predict starting for hgb
[2026-06-03T06:43:54.044573+00:00] fit + predict done: fit=3.4s predict=0.0s n_predictions=1008
[2026-06-03T06:43:54.212010+00:00] training_run close: hgb__20260603T064350Z__5080b425
[2026-06-03T06:43:54.247410+00:00] notes: comparison: pipelines=['hgb', 'tab_transformer', 'memorygraph_v2_sota_nw080', 'bi_encoder_retrieval']
[2026-06-03T06:43:54.247487+00:00] training_run open: tab_transformer__20260603T064354Z__5080b425
[2026-06-03T06:43:54.269445+00:00] fit + predict starting for tab_transformer
[comparison] running pipeline: hgb
[comparison] running pipeline: tab_transformer
[tab_transformer] ep 01/30  train_loss=0.8878  val_loss=0.6767  val_AUC=0.9002
[tab_transformer] ep 02/30  train_loss=0.5705  val_loss=0.4801  val_AUC=0.9477
[tab_transformer] ep 03/30  train_loss=0.3993  val_loss=0.5038  val_AUC=0.9449
[tab_transformer] ep 04/30  train_loss=0.3588  val_loss=0.4367  val_AUC=0.9545
[tab_transformer] ep 05/30  train_loss=0.3455  val_loss=0.3375  val_AUC=0.9607
[tab_transformer] ep 06/30  train_loss=0.3481  val_loss=0.3246  val_AUC=0.9661
[tab_transformer] ep 07/30  train_loss=0.3402  val_loss=0.4094  val_AUC=0.9623
[tab_transformer] ep 08/30  train_loss=0.3279  val_loss=0.3146  val_AUC=0.9658
[tab_transformer] ep 09/30  train_loss=0.2753  val_loss=0.3445  val_AUC=0.9675
[tab_transformer] ep 10/30  train_loss=0.2747  val_loss=0.2752  val_AUC=0.9724
[tab_transformer] ep 11/30  train_loss=0.2522  val_loss=0.2796  val_AUC=0.9725
[tab_transformer] ep 12/30  train_loss=0.2252  val_loss=0.2621  val_AUC=0.9811
[tab_transformer] ep 13/30  train_loss=0.2291  val_loss=0.4232  val_AUC=0.9769
[tab_transformer] ep 14/30  train_loss=0.1914  val_loss=0.2450  val_AUC=0.9759
[tab_transformer] ep 15/30  train_loss=0.1984  val_loss=0.2500  val_AUC=0.9806
[tab_transformer] ep 16/30  train_loss=0.1951  val_loss=0.2420  val_AUC=0.9778
[tab_transformer] ep 17/30  train_loss=0.1628  val_loss=0.2385  val_AUC=0.9757
[tab_transformer] ep 18/30  train_loss=0.1739  val_loss=0.3162  val_AUC=0.9769
[tab_transformer] ep 19/30  train_loss=0.1624  val_loss=0.2539  val_AUC=0.9819
[tab_transformer] ep 20/30  train_loss=0.1518  val_loss=0.2616  val_AUC=0.9805
[tab_transformer] ep 21/30  train_loss=0.1498  val_loss=0.2618  val_AUC=0.9826
[tab_transformer] ep 22/30  train_loss=0.1674  val_loss=0.2113  val_AUC=0.9817
[tab_transformer] ep 23/30  train_loss=0.1228  val_loss=0.2320  val_AUC=0.9825
[tab_transformer] ep 24/30  train_loss=0.1311  val_loss=0.2440  val_AUC=0.9831
[tab_transformer] ep 25/30  train_loss=0.1239  val_loss=0.2396  val_AUC=0.9832
[tab_transformer] ep 26/30  train_loss=0.1137  val_loss=0.2382  val_AUC=0.9836
[tab_transformer] ep 27/30  train_loss=0.1152  val_loss=0.2641  val_AUC=0.9836
[tab_transformer] early stopping at epoch 27 (no val_loss improvement for 5 epochs)
[tab_transformer] training done in 18.9s (d_model=64, layers=4)
[2026-06-03T06:44:13.638286+00:00] fit + predict done: fit=18.9s predict=0.0s n_predictions=1008
[2026-06-03T06:44:13.948567+00:00] training_run close: tab_transformer__20260603T064354Z__5080b425
[2026-06-03T06:44:13.979640+00:00] notes: comparison: pipelines=['hgb', 'tab_transformer', 'memorygraph_v2_sota_nw080', 'bi_encoder_retrieval']
[2026-06-03T06:44:13.979786+00:00] training_run open: memorygraph_v2_sota_nw080__20260603T064413Z__5080b425
[2026-06-03T06:44:14.013965+00:00] fit + predict starting for memorygraph_v2_sota_nw080
[memorygraph_v2_sota_nw080] scoring 1011 validation windows ...
[cross_encoder_rerank] loading hub: cross-encoder/ms-marco-MiniLM-L-6-v2 ... (first hub run downloads ~80MB)
Warning: You are sending unauthenticated requests to the HF Hub. Please set a HF_TOKEN to enable higher rate limits and faster downloads.
[comparison] running pipeline: memorygraph_v2_sota_nw080
Loading weights:   0%|          | 0/105 [00:00<?, ?it/s]Loading weights: 100%|##########| 105/105 [00:00<00:00, 4252.83it/s]
`CrossEncoder._target_device` has been deprecated. Please use `CrossEncoder.device` instead.
[cross_encoder_rerank] model ready; device=cuda:0
[memorygraph_v2_sota_nw080] val 100/1011 elapsed=13s avg=0.13s/w eta=116s
[memorygraph_v2_sota_nw080] val 200/1011 elapsed=18s avg=0.09s/w eta=73s
[memorygraph_v2_sota_nw080] val 300/1011 elapsed=25s avg=0.08s/w eta=58s
[memorygraph_v2_sota_nw080] val 400/1011 elapsed=30s avg=0.07s/w eta=45s
[cross_encoder_rerank] reranked 200 windows (3013 total pair scorings)
[log_signature_similarity] scored 500 windows (sig_extracted=143 empty=126) elapsed=39s avg=0.078s/window
[memorygraph_v2_sota_nw080] val 500/1011 elapsed=39s avg=0.08s/w eta=40s
[log_signature_similarity] scored 600 windows (sig_extracted=197 empty=172) elapsed=51s avg=0.085s/window
[memorygraph_v2_sota_nw080] val 600/1011 elapsed=51s avg=0.09s/w eta=35s
[cross_encoder_rerank] reranked 400 windows (5772 total pair scorings)
[log_signature_similarity] scored 700 windows (sig_extracted=244 empty=225) elapsed=64s avg=0.092s/window
[memorygraph_v2_sota_nw080] val 700/1011 elapsed=65s avg=0.09s/w eta=29s
[log_signature_similarity] scored 800 windows (sig_extracted=284 empty=285) elapsed=78s avg=0.097s/window
[memorygraph_v2_sota_nw080] val 800/1011 elapsed=78s avg=0.10s/w eta=21s
[cross_encoder_rerank] reranked 600 windows (8935 total pair scorings)
[memorygraph_v2_sota_nw080] val 900/1011 elapsed=92s avg=0.10s/w eta=11s
[log_signature_similarity] scored 1000 windows (sig_extracted=384 empty=385) elapsed=107s avg=0.107s/window
[memorygraph_v2_sota_nw080] val 1000/1011 elapsed=107s avg=0.11s/w eta=1s
[memorygraph_v2_sota_nw080] val 1011/1011 elapsed=109s avg=0.11s/w eta=0s
[memorygraph_v2_sota_nw080] val done; threshold=0.3647
[memorygraph_v2_sota_nw080] scoring 1008 test windows ...
[cross_encoder_rerank] reranked 800 windows (11940 total pair scorings)
[log_signature_similarity] scored 1100 windows (sig_extracted=406 empty=418) elapsed=113s avg=0.102s/window
[memorygraph_v2_sota_nw080] test 100/1008 elapsed=4s avg=0.04s/w eta=40s
[log_signature_similarity] scored 1200 windows (sig_extracted=434 empty=455) elapsed=120s avg=0.100s/window
[memorygraph_v2_sota_nw080] test 200/1008 elapsed=12s avg=0.06s/w eta=50s
[memorygraph_v2_sota_nw080] test 300/1008 elapsed=19s avg=0.06s/w eta=46s
[log_signature_similarity] scored 1400 windows (sig_extracted=480 empty=505) elapsed=134s avg=0.096s/window
[memorygraph_v2_sota_nw080] test 400/1008 elapsed=26s avg=0.07s/w eta=40s
[cross_encoder_rerank] reranked 1000 windows (15050 total pair scorings)
[log_signature_similarity] scored 1500 windows (sig_extracted=514 empty=533) elapsed=143s avg=0.095s/window
[memorygraph_v2_sota_nw080] test 500/1008 elapsed=36s avg=0.07s/w eta=36s
[memorygraph_v2_sota_nw080] test 600/1008 elapsed=49s avg=0.08s/w eta=33s
[cross_encoder_rerank] reranked 1200 windows (17762 total pair scorings)
[log_signature_similarity] scored 1700 windows (sig_extracted=613 empty=634) elapsed=170s avg=0.100s/window
[memorygraph_v2_sota_nw080] test 700/1008 elapsed=62s avg=0.09s/w eta=27s
[log_signature_similarity] scored 1800 windows (sig_extracted=666 empty=681) elapsed=185s avg=0.103s/window
[memorygraph_v2_sota_nw080] test 800/1008 elapsed=78s avg=0.10s/w eta=20s
[cross_encoder_rerank] reranked 1400 windows (20988 total pair scorings)
[log_signature_similarity] scored 1900 windows (sig_extracted=718 empty=729) elapsed=200s avg=0.105s/window
[memorygraph_v2_sota_nw080] test 900/1008 elapsed=93s avg=0.10s/w eta=11s
[memorygraph_v2_sota_nw080] test 1000/1008 elapsed=109s avg=0.11s/w eta=1s
[memorygraph_v2_sota_nw080] test 1008/1008 elapsed=110s avg=0.11s/w eta=0s
[2026-06-03T06:48:03.119113+00:00] fit + predict done: fit=9.8s predict=109.9s n_predictions=1008
[2026-06-03T06:48:03.386373+00:00] training_run close: memorygraph_v2_sota_nw080__20260603T064413Z__5080b425
[2026-06-03T06:48:03.417641+00:00] notes: comparison: pipelines=['hgb', 'tab_transformer', 'memorygraph_v2_sota_nw080', 'bi_encoder_retrieval']
[2026-06-03T06:48:03.417745+00:00] training_run open: bi_encoder_retrieval__20260603T064803Z__5080b425
[2026-06-03T06:48:03.452961+00:00] fit + predict starting for bi_encoder_retrieval
[bi_encoder_retrieval] training pairs built: 16338 from 1805 windows (use_all_golds=True, n_hard_negs=3)
[comparison] running pipeline: bi_encoder_retrieval
Loading weights:   0%|          | 0/103 [00:00<?, ?it/s]Loading weights: 100%|##########| 103/103 [00:00<00:00, 3813.81it/s]
[bi_encoder_retrieval] fine-tuning sentence-transformers/all-MiniLM-L6-v2 on 16338 pairs for 5 epochs on cuda
Computing widget examples:   0%|          | 0/1 [00:00<?, ?example/s]                                                                     [2026-06-03T07:08:29.783839+00:00] fit + predict done: fit=1225.3s predict=0.0s n_predictions=1008
[2026-06-03T07:08:29.943511+00:00] training_run close: bi_encoder_retrieval__20260603T064803Z__5080b425
[03:08:37] [INFO ] [v2_advanced.phase_a.run_v2] step=run_comparison done  elapsed_s=1487.41
[03:08:37] [INFO ] [v2_advanced.phase_a.run_v2] v2 comparison done  output_dir=data\derived\global\2026-05-25-dataset-v5-large-global\comparison\v2a-resplit pipelines=4 report_kb=407.30
{'loss': '3.639', 'grad_norm': '10.4', 'learning_rate': '1.787e-05', 'epoch': '0.9785'}
{'loss': '2.892', 'grad_norm': '13.39', 'learning_rate': '1.352e-05', 'epoch': '1.957'}
{'loss': '2.623', 'grad_norm': '13.21', 'learning_rate': '9.159e-06', 'epoch': '2.935'}
{'loss': '2.488', 'grad_norm': '9.911', 'learning_rate': '4.802e-06', 'epoch': '3.914'}
{'loss': '2.416', 'grad_norm': '11.29', 'learning_rate': '4.444e-07', 'epoch': '4.892'}
{'train_runtime': '1206', 'train_samples_per_second': '67.71', 'train_steps_per_second': '2.118', 'train_loss': '2.802', 'epoch': '5'}
[comparison] computing stratified metrics (strict)
[comparison] computing stratified metrics (inclusive)
[comparison] paired bootstrap (1000 resamples) per metric
[comparison] depth-stratified bootstrap CIs (1000 resamples)
