[03:28:29] [INFO ] [v2_advanced.phase_a.run_v2] step=patch_split start  manifest=triage-split-manifest-v2-resplit.json
[03:28:29] [INFO ] [v2_advanced.phase_a.window_split] loaded v2 manifest  windows=6720 seed=42
[03:28:29] [INFO ] [v2_advanced.phase_a.run_v2] patched iter_split  rebound_in_modules=1
[03:28:29] [INFO ] [v2_advanced.phase_a.run_v2] step=patch_split done  elapsed_s=0.0000
[03:28:30] [INFO ] [v2_advanced.phase_a.run_v2] running v2 comparison  pipelines=['hybrid_rrf_no_graph', 'hybrid_rrf_retrieval'] n_bootstrap=1000
[03:28:30] [INFO ] [v2_advanced.phase_a.run_v2] step=run_comparison start  pipelines=2
[2026-06-03T07:28:30.634119+00:00] notes: comparison: pipelines=['hybrid_rrf_no_graph', 'hybrid_rrf_retrieval']
[2026-06-03T07:28:30.634199+00:00] training_run open: hybrid_rrf_no_graph__20260603T072830Z__21d404c1
[2026-06-03T07:28:30.653675+00:00] fit + predict starting for hybrid_rrf_no_graph
[03:28:31] [INFO ] [v2_advanced.phase_c.hybrid] step=load_dataset_and_memory start
[03:28:31] [INFO ] [v2_advanced.phase_c.hybrid] loaded  train=4701 val=1011 test=1008 memory=347
[03:28:31] [INFO ] [v2_advanced.phase_c.hybrid] step=load_dataset_and_memory done  elapsed_s=0.3900
[03:28:31] [INFO ] [v2_advanced.phase_c.hybrid] step=fit_biencoder start
[bi_encoder_retrieval] training pairs built: 16338 from 1805 windows (use_all_golds=True, n_hard_negs=3)
Warning: You are sending unauthenticated requests to the HF Hub. Please set a HF_TOKEN to enable higher rate limits and faster downloads.
[comparison] running pipeline: hybrid_rrf_no_graph
Loading weights:   0%|          | 0/103 [00:00<?, ?it/s]Loading weights: 100%|##########| 103/103 [00:00<00:00, 20432.92it/s]
[bi_encoder_retrieval] fine-tuning sentence-transformers/all-MiniLM-L6-v2 on 16338 pairs for 3 epochs on cuda
Computing widget examples:   0%|          | 0/1 [00:00<?, ?example/s]                                                                     [03:38:25] [INFO ] [v2_advanced.phase_c.hybrid] biencoder ready  n_windows=1008
[03:38:25] [INFO ] [v2_advanced.phase_c.hybrid] step=fit_biencoder done  elapsed_s=593.89
[03:38:25] [INFO ] [v2_advanced.phase_c.hybrid] step=fit_splade start
[03:38:25] [INFO ] [v2_advanced.phase_c.splade] step=fit_splade start  n_docs=347
[03:38:25] [INFO ] [v2_advanced.phase_c.splade] loading SPLADE  model=naver/splade-cocondenser-ensembledistil device=cuda
{'loss': '3.552', 'grad_norm': '10.32', 'learning_rate': '1.497e-05', 'epoch': '0.9785'}
{'loss': '2.887', 'grad_norm': '12.83', 'learning_rate': '7.712e-06', 'epoch': '1.957'}
{'loss': '2.693', 'grad_norm': '13.68', 'learning_rate': '4.503e-07', 'epoch': '2.935'}
{'train_runtime': '576.9', 'train_samples_per_second': '84.96', 'train_steps_per_second': '2.657', 'train_loss': '3.035', 'epoch': '3'}
Loading weights:   0%|          | 0/204 [00:00<?, ?it/s]Loading weights: 100%|##########| 204/204 [00:00<00:00, 40939.62it/s]
[03:38:40] [INFO ] [v2_advanced.phase_c.splade] indexed  n_docs=347 avg_nonzero_per_doc=143.10
[03:38:40] [INFO ] [v2_advanced.phase_c.splade] step=fit_splade done  elapsed_s=14.8000
[03:38:40] [INFO ] [v2_advanced.phase_c.hybrid] step=fit_splade done  elapsed_s=14.8000
[03:38:40] [INFO ] [v2_advanced.phase_c.hybrid] step=score_train start  n=4701
[03:39:31] [INFO ] [v2_advanced.phase_c.hybrid] step=score_train done  elapsed_s=51.5400
[03:39:31] [INFO ] [v2_advanced.phase_c.hybrid] step=score_val start  n=1011
[03:39:42] [INFO ] [v2_advanced.phase_c.hybrid] step=score_val done  elapsed_s=11.1000
[03:39:42] [INFO ] [v2_advanced.phase_c.hybrid] step=score_test start  n=1008
[03:39:54] [INFO ] [v2_advanced.phase_c.hybrid] step=score_test done  elapsed_s=11.0400
[03:39:54] [INFO ] [v2_advanced.phase_c.hybrid] step=fit_triage_head start
[03:39:54] [INFO ] [v2_advanced.phase_c.hybrid] step=fit_triage_head done  elapsed_s=0.0000
[2026-06-03T07:39:54.066523+00:00] fit + predict done: fit=682.8s predict=0.0s n_predictions=1008
[2026-06-03T07:39:54.230457+00:00] training_run close: hybrid_rrf_no_graph__20260603T072830Z__21d404c1
[2026-06-03T07:39:54.254079+00:00] notes: comparison: pipelines=['hybrid_rrf_no_graph', 'hybrid_rrf_retrieval']
[2026-06-03T07:39:54.254173+00:00] training_run open: hybrid_rrf_retrieval__20260603T073954Z__71747e04
[2026-06-03T07:39:54.273576+00:00] fit + predict starting for hybrid_rrf_retrieval
[03:39:54] [INFO ] [v2_advanced.phase_c.hybrid] step=load_dataset_and_memory start
[03:39:54] [INFO ] [v2_advanced.phase_c.hybrid] loaded  train=4701 val=1011 test=1008 memory=347
[03:39:54] [INFO ] [v2_advanced.phase_c.hybrid] step=load_dataset_and_memory done  elapsed_s=0.3600
[03:39:54] [INFO ] [v2_advanced.phase_c.hybrid] step=fit_biencoder start
[bi_encoder_retrieval] training pairs built: 16338 from 1805 windows (use_all_golds=True, n_hard_negs=3)
[comparison] running pipeline: hybrid_rrf_retrieval
Loading weights:   0%|          | 0/103 [00:00<?, ?it/s]Loading weights: 100%|##########| 103/103 [00:00<00:00, 14548.84it/s]
[bi_encoder_retrieval] fine-tuning sentence-transformers/all-MiniLM-L6-v2 on 16338 pairs for 3 epochs on cuda
Computing widget examples:   0%|          | 0/1 [00:00<?, ?example/s]                                                                     [03:49:46] [INFO ] [v2_advanced.phase_c.hybrid] biencoder ready  n_windows=1008
[03:49:46] [INFO ] [v2_advanced.phase_c.hybrid] step=fit_biencoder done  elapsed_s=592.36
[03:49:46] [INFO ] [v2_advanced.phase_c.hybrid] step=fit_splade start
[03:49:46] [INFO ] [v2_advanced.phase_c.splade] step=fit_splade start  n_docs=347
[03:49:46] [INFO ] [v2_advanced.phase_c.splade] loading SPLADE  model=naver/splade-cocondenser-ensembledistil device=cuda
{'loss': '3.552', 'grad_norm': '10.32', 'learning_rate': '1.497e-05', 'epoch': '0.9785'}
{'loss': '2.887', 'grad_norm': '12.83', 'learning_rate': '7.712e-06', 'epoch': '1.957'}
{'loss': '2.693', 'grad_norm': '13.68', 'learning_rate': '4.503e-07', 'epoch': '2.935'}
{'train_runtime': '577.4', 'train_samples_per_second': '84.89', 'train_steps_per_second': '2.655', 'train_loss': '3.035', 'epoch': '3'}
Loading weights:   0%|          | 0/204 [00:00<?, ?it/s]Loading weights: 100%|##########| 204/204 [00:00<00:00, 41860.96it/s]
[03:49:50] [INFO ] [v2_advanced.phase_c.splade] indexed  n_docs=347 avg_nonzero_per_doc=143.10
[03:49:50] [INFO ] [v2_advanced.phase_c.splade] step=fit_splade done  elapsed_s=3.8200
[03:49:50] [INFO ] [v2_advanced.phase_c.hybrid] step=fit_splade done  elapsed_s=3.8200
[03:49:50] [INFO ] [v2_advanced.neo4j] neo4j connected  uri=neo4j://127.0.0.1:7687 database=neo4j
[03:49:50] [INFO ] [v2_advanced.phase_c.hybrid] graph ready  n_incidents=346
[03:49:50] [INFO ] [v2_advanced.phase_c.hybrid] step=score_train start  n=4701
[03:51:06] [INFO ] [v2_advanced.phase_c.hybrid] step=score_train done  elapsed_s=75.6900
[03:51:06] [INFO ] [v2_advanced.phase_c.hybrid] step=score_val start  n=1011
[03:51:22] [INFO ] [v2_advanced.phase_c.hybrid] step=score_val done  elapsed_s=16.3200
[03:51:22] [INFO ] [v2_advanced.phase_c.hybrid] step=score_test start  n=1008
[03:51:39] [INFO ] [v2_advanced.phase_c.hybrid] step=score_test done  elapsed_s=16.2100
[03:51:39] [INFO ] [v2_advanced.phase_c.hybrid] step=fit_triage_head start
[03:51:39] [INFO ] [v2_advanced.phase_c.hybrid] step=fit_triage_head done  elapsed_s=0.0000
[2026-06-03T07:51:39.107204+00:00] fit + predict done: fit=704.8s predict=0.0s n_predictions=1008
[2026-06-03T07:51:39.278667+00:00] training_run close: hybrid_rrf_retrieval__20260603T073954Z__71747e04
[03:51:43] [INFO ] [v2_advanced.phase_a.run_v2] step=run_comparison done  elapsed_s=1392.63
[03:51:43] [INFO ] [v2_advanced.phase_a.run_v2] v2 comparison done  output_dir=data\derived\global\2026-05-25-dataset-v5-large-global\comparison\v2c-hybrid pipelines=2 report_kb=207.00
[comparison] computing stratified metrics (strict)
[comparison] computing stratified metrics (inclusive)
[comparison] paired bootstrap (1000 resamples) per metric
[comparison] depth-stratified bootstrap CIs (1000 resamples)
