[03:09:36] [INFO ] [v2_advanced.phase_a.run_v2] step=patch_split start  manifest=triage-split-manifest-v2-resplit.json
[03:09:36] [INFO ] [v2_advanced.phase_a.window_split] loaded v2 manifest  windows=6720 seed=42
[03:09:36] [INFO ] [v2_advanced.phase_a.run_v2] patched iter_split  rebound_in_modules=1
[03:09:36] [INFO ] [v2_advanced.phase_a.run_v2] step=patch_split done  elapsed_s=0.0000
[03:09:37] [INFO ] [v2_advanced.phase_a.run_v2] running v2 comparison  pipelines=['kg_retrieval_rulebased'] n_bootstrap=1000
[03:09:37] [INFO ] [v2_advanced.phase_a.run_v2] step=run_comparison start  pipelines=1
[2026-06-03T07:09:37.593136+00:00] notes: comparison: pipelines=['kg_retrieval_rulebased']
[2026-06-03T07:09:37.593302+00:00] training_run open: kg_retrieval_rulebased__20260603T070937Z__4be37501
[2026-06-03T07:09:37.619984+00:00] fit + predict starting for kg_retrieval_rulebased
[03:09:38] [INFO ] [v2_advanced.phase_d.pipeline] step=load_dataset start
[03:09:38] [INFO ] [v2_advanced.phase_d.pipeline] dataset  train=4701 val=1011 test=1008
[03:09:38] [INFO ] [v2_advanced.phase_d.pipeline] step=load_dataset done  elapsed_s=0.3000
[03:09:38] [INFO ] [v2_advanced.phase_d.pipeline] step=load_memory start
[03:09:38] [INFO ] [v2_advanced.phase_d.pipeline] memory  n_tickets=347
[03:09:38] [INFO ] [v2_advanced.phase_d.pipeline] step=load_memory done  elapsed_s=0.1000
[03:09:38] [INFO ] [v2_advanced.phase_d.pipeline] step=load_ticket_extractions start
[03:09:38] [INFO ] [v2_advanced.phase_d.pipeline] extractions  n=347 source=rules
[03:09:38] [INFO ] [v2_advanced.phase_d.pipeline] step=load_ticket_extractions done  elapsed_s=0.0000
[03:09:38] [INFO ] [v2_advanced.neo4j] neo4j connected  uri=neo4j://127.0.0.1:7687 database=neo4j
[03:09:38] [INFO ] [v2_advanced.phase_d.pipeline] step=load_into_neo4j start
[03:09:38] [INFO ] [v2_advanced.phase_d.loader] step=load_extractions start  n=347 clear_first=False
[03:09:38] [INFO ] [v2_advanced.neo4j] schema constraints applied
[03:09:38] [INFO ] [v2_advanced.phase_d.loader] loading non-empty extractions  kept=346 dropped=1
[03:09:38] [INFO ] [v2_advanced.phase_d.loader] loaded batch  at=50 total=346
[03:09:38] [INFO ] [v2_advanced.phase_d.loader] loaded batch  at=100 total=346
[03:09:38] [INFO ] [v2_advanced.phase_d.loader] loaded batch  at=150 total=346
[03:09:38] [INFO ] [v2_advanced.phase_d.loader] loaded batch  at=200 total=346
[03:09:38] [INFO ] [v2_advanced.phase_d.loader] loaded batch  at=250 total=346
[03:09:38] [INFO ] [v2_advanced.phase_d.loader] loaded batch  at=300 total=346
[03:09:38] [INFO ] [v2_advanced.phase_d.loader] loaded batch  at=346 total=346
[03:09:38] [INFO ] [v2_advanced.phase_d.loader] step=load_extractions done  elapsed_s=0.2900
[03:09:38] [INFO ] [v2_advanced.phase_d.loader] post-load counts  Incident=346 Service=9 Component=6 ErrorClass=9 RootCause=213 Fix=153 Symptom=7
[03:09:38] [INFO ] [v2_advanced.phase_d.pipeline] graph loaded  Incident=346 Service=9 Component=6 ErrorClass=9 RootCause=213 Fix=153 Symptom=7
[03:09:38] [INFO ] [v2_advanced.phase_d.pipeline] step=load_into_neo4j done  elapsed_s=0.2900
[03:09:38] [INFO ] [v2_advanced.phase_d.pipeline] step=score_windows start  n=6720
[03:09:59] [INFO ] [v2_advanced.phase_d.pipeline] step=score_windows done  elapsed_s=20.6400
[03:09:59] [INFO ] [v2_advanced.phase_d.pipeline] step=fit_triage_head start
[03:09:59] [INFO ] [v2_advanced.phase_d.pipeline] step=fit_triage_head done  elapsed_s=0.0100
[2026-06-03T07:09:59.593664+00:00] fit + predict done: fit=21.3s predict=0.0s n_predictions=1008
[2026-06-03T07:09:59.756765+00:00] training_run close: kg_retrieval_rulebased__20260603T070937Z__4be37501
[03:10:02] [INFO ] [v2_advanced.phase_a.run_v2] step=run_comparison done  elapsed_s=24.8400
[03:10:02] [INFO ] [v2_advanced.phase_a.run_v2] v2 comparison done  output_dir=data\derived\global\2026-05-25-dataset-v5-large-global\comparison\v2d-kg-rulebased pipelines=1 report_kb=103.50
[comparison] running pipeline: kg_retrieval_rulebased
[comparison] computing stratified metrics (strict)
[comparison] computing stratified metrics (inclusive)
[comparison] paired bootstrap (1000 resamples) per metric
[comparison] depth-stratified bootstrap CIs (1000 resamples)
